<?xml version="1.0" encoding="UTF-8"?>
<testsuite xmlns:xsi="http://www.w3.org/2001/XMLSchema-instance" xsi:noNamespaceSchemaLocation="https://maven.apache.org/surefire/maven-surefire-plugin/xsd/surefire-test-report.xsd" version="3.0.2" name="com.in28minutes.springboot.myfirstwebapp.MyfirstwebappApplicationTests" time="7.797" tests="1" errors="0" skipped="0" failures="0">
  <properties>
[...]
</properties>
  <testcase name="contextLoads" classname="com.in28minutes.springboot.myfirstwebapp.MyfirstwebappApplicationTests" time="0.834">
    <system-out><![CDATA[00:05:34.762 [main] INFO org.springframework.test.context.support.AnnotationConfigContextLoaderUtils -- Could not detect default configuration classes for test class [com.in28minutes.springboot.myfirstwebapp.MyfirstwebappApplicationTests]: MyfirstwebappApplicationTests does not declare any static, non-private, non-final, nested classes annotated with @Configuration.
00:05:34.881 [main] INFO org.springframework.boot.test.context.SpringBootTestContextBootstrapper -- Found @SpringBootConfiguration com.in28minutes.springboot.myfirstwebapp.MyfirstwebappApplication for test class com.in28minutes.springboot.myfirstwebapp.MyfirstwebappApplicationTests
00:05:35.148 [main] INFO org.springframework.boot.devtools.restart.RestartApplicationListener -- Restart disabled due to context in which it is running

  .   ____          _            __ _ _
 /\\ / ___'_ __ _ _(_)_ __  __ _ \ \ \ \
( ( )\___ | '_ | '_| | '_ \/ _` | \ \ \ \
 \\/  ___)| |_)| | | | | || (_| |  ) ) ) )
  '  |____| .__|_| |_|_| |_\__, | / / / /
 =========|_|==============|___/=/_/_/_/

 :: Spring Boot ::             (v3.4.0-M1)

2025-02-05T00:05:35.503+05:30  INFO 23848 --- [myfirstwebapp] [           main] c.i.s.m.MyfirstwebappApplicationTests    : Starting MyfirstwebappApplicationTests using Java 17.0.10 with PID 23848 (started by Lenovo in F:\myfirstwebapp)
2025-02-05T00:05:35.503+05:30 DEBUG 23848 --- [myfirstwebapp] [           main] c.i.s.m.MyfirstwebappApplicationTests    : Running with Spring Boot v3.4.0-M1, Spring v6.2.0-M6
2025-02-05T00:05:35.503+05:30  INFO 23848 --- [myfirstwebapp] [           main] c.i.s.m.MyfirstwebappApplicationTests    : No active profile set, falling back to 1 default profile: "default"
2025-02-05T00:05:36.539+05:30  INFO 23848 --- [myfirstwebapp] [           main] .s.d.r.c.RepositoryConfigurationDelegate : Bootstrapping Spring Data JPA repositories in DEFAULT mode.
2025-02-05T00:05:36.600+05:30  INFO 23848 --- [myfirstwebapp] [           main] .s.d.r.c.RepositoryConfigurationDelegate : Finished Spring Data repository scanning in 49 ms. Found 1 JPA repository interface.
2025-02-05T00:05:37.177+05:30  INFO 23848 --- [myfirstwebapp] [           main] com.zaxxer.hikari.HikariDataSource       : HikariPool-1 - Starting...
2025-02-05T00:05:37.720+05:30  INFO 23848 --- [myfirstwebapp] [           main] com.zaxxer.hikari.pool.HikariPool        : HikariPool-1 - Added connection com.mysql.cj.jdbc.ConnectionImpl@3b28b7b0
2025-02-05T00:05:37.726+05:30  INFO 23848 --- [myfirstwebapp] [           main] com.zaxxer.hikari.HikariDataSource       : HikariPool-1 - Start completed.
2025-02-05T00:05:37.877+05:30  INFO 23848 --- [myfirstwebapp] [           main] o.hibernate.jpa.internal.util.LogHelper  : HHH000204: Processing PersistenceUnitInfo [name: default]
2025-02-05T00:05:38.034+05:30  INFO 23848 --- [myfirstwebapp] [           main] org.hibernate.Version                    : HHH000412: Hibernate ORM core version 6.5.2.Final
2025-02-05T00:05:38.101+05:30  INFO 23848 --- [myfirstwebapp] [           main] o.h.c.internal.RegionFactoryInitiator    : HHH000026: Second-level cache disabled
2025-02-05T00:05:38.644+05:30  INFO 23848 --- [myfirstwebapp] [           main] o.s.o.j.p.SpringPersistenceUnitInfo      : No LoadTimeWeaver setup: ignoring JPA class transformer
2025-02-05T00:05:38.763+05:30  WARN 23848 --- [myfirstwebapp] [           main] org.hibernate.orm.deprecation            : HHH90000025: MySQLDialect does not need to be specified explicitly using 'hibernate.dialect' (remove the property setting and it will be selected by default)
2025-02-05T00:05:39.744+05:30  INFO 23848 --- [myfirstwebapp] [           main] o.h.e.t.j.p.i.JtaPlatformInitiator       : HHH000489: No JTA platform available (set 'hibernate.transaction.jta.platform' to enable JTA platform integration)
2025-02-05T00:05:39.809+05:30  INFO 23848 --- [myfirstwebapp] [           main] j.LocalContainerEntityManagerFactoryBean : Initialized JPA EntityManagerFactory for persistence unit 'default'
2025-02-05T00:05:40.506+05:30  WARN 23848 --- [myfirstwebapp] [           main] JpaBaseConfiguration$JpaWebConfiguration : spring.jpa.open-in-view is enabled by default. Therefore, database queries may be performed during view rendering. Explicitly configure spring.jpa.open-in-view to disable this warning
2025-02-05T00:05:40.548+05:30  INFO 23848 --- [myfirstwebapp] [           main] r$InitializeUserDetailsManagerConfigurer : Global AuthenticationManager configured with UserDetailsService bean with name createUserDetailsManager
2025-02-05T00:05:41.479+05:30  INFO 23848 --- [myfirstwebapp] [           main] c.i.s.m.MyfirstwebappApplicationTests    : Started MyfirstwebappApplicationTests in 6.36 seconds (process running for 7.737)
]]></system-out>
  </testcase>
</testsuite>